<?xml version="1.0" encoding="UTF-8"?>
<testsuite xmlns:xsi="http://www.w3.org/2001/XMLSchema-instance" xsi:noNamespaceSchemaLocation="https://maven.apache.org/surefire/maven-surefire-plugin/xsd/surefire-test-report-3.0.xsd" version="3.0" name="com.example.rides.RidesApplicationTests" time="2.363" tests="1" errors="0" skipped="0" failures="0">
  <properties>
[...]
</properties>
  <testcase name="contextLoads" classname="com.example.rides.RidesApplicationTests" time="0.871">
    <system-out><![CDATA[19:14:41.538 [main] INFO org.springframework.test.context.support.AnnotationConfigContextLoaderUtils -- Could not detect default configuration classes for test class [com.example.rides.RidesApplicationTests]: RidesApplicationTests does not declare any static, non-private, non-final, nested classes annotated with @Configuration.
19:14:41.651 [main] INFO org.springframework.boot.test.context.SpringBootTestContextBootstrapper -- Found @SpringBootConfiguration com.example.rides.RidesApplication for test class com.example.rides.RidesApplicationTests

  .   ____          _            __ _ _
 /\\ / ___'_ __ _ _(_)_ __  __ _ \ \ \ \
( ( )\___ | '_ | '_| | '_ \/ _` | \ \ \ \
 \\/  ___)| |_)| | | | | || (_| |  ) ) ) )
  '  |____| .__|_| |_|_| |_\__, | / / / /
 =========|_|==============|___/=/_/_/_/

 :: Spring Boot ::                (v3.3.3)

2024-09-19T19:14:42.224+03:00  INFO 114288 --- [rides] [           main] c.example.rides.RidesApplicationTests    : Starting RidesApplicationTests using Java 22.0.2 with PID 114288 (started by nekro in D:\Study\Modsen\taxipractice\taxi-app\rides)
2024-09-19T19:14:42.226+03:00  INFO 114288 --- [rides] [           main] c.example.rides.RidesApplicationTests    : No active profile set, falling back to 1 default profile: "default"
2024-09-19T19:14:42.823+03:00  INFO 114288 --- [rides] [           main] c.example.rides.RidesApplicationTests    : Started RidesApplicationTests in 1.031 seconds (process running for 2.074)
]]></system-out>
    <system-err><![CDATA[WARNING: A Java agent has been loaded dynamically (C:\Users\nekro\.m2\repository\net\bytebuddy\byte-buddy-agent\1.14.19\byte-buddy-agent-1.14.19.jar)
WARNING: If a serviceability tool is in use, please run with -XX:+EnableDynamicAgentLoading to hide this warning
WARNING: If a serviceability tool is not in use, please run with -Djdk.instrument.traceUsage for more information
WARNING: Dynamic loading of agents will be disallowed by default in a future release
]]></system-err>
  </testcase>
</testsuite>